<?xml version="1.0" encoding="utf-8"?><testsuites name="pytest tests"><testsuite name="pytest" errors="0" failures="0" skipped="0" tests="17" time="1.376" timestamp="2026-09-25T03:35:43.380767+00:00" hostname="agent-env-8a71ad6f-7a9b-4c76-9800-9edf12ca80ed"><testcase classname="tests.backend_test" name="test_root_status_ok" time="0.277" /><testcase classname="tests.test_booth" name="test_progress_creates_default_for_new_player" time="0.281" /><testcase classname="tests.backend_test" name="test_guest_login_success" time="0.066" /><testcase classname="tests.test_booth" name="test_submit_level1_pass_unlocks_level2" time="0.078" /><testcase classname="tests.backend_test" name="test_guest_login_empty_name_400" time="0.095" /><testcase classname="tests.test_booth" name="test_submit_lower_score_not_best_and_unlock_stays" time="0.186" /><testcase classname="tests.backend_test" name="test_guest_login_missing_field_422" time="0.107" /><testcase classname="tests.test_booth" name="test_submit_locked_level_forbidden" time="0.066" /><testcase classname="tests.backend_test" name="test_submit_score_returns_rank_and_pb" time="0.139" /><testcase classname="tests.test_booth" name="test_submit_invalid_level_400" time="0.067" /><testcase classname="tests.test_booth" name="test_submit_hits_gt_shots_400" time="0.068" /><testcase classname="tests.backend_test" name="test_submit_higher_score_updates_pb" time="0.108" /><testcase classname="tests.test_booth" name="test_leaderboard_level1_sorted_desc_with_expected_fields" time="0.111" /><testcase classname="tests.backend_test" name="test_leaderboard_sorted_desc_and_limit" time="0.072" /><testcase classname="tests.test_booth" name="test_leaderboard_best_per_player" time="0.069" /><testcase classname="tests.backend_test" name="test_leaderboard_best_per_player" time="0.064" /><testcase classname="tests.backend_test" name="test_seeded_testhunter_present" time="0.080" /></testsuite></testsuites>