<?xml version="1.0" encoding="utf-8"?><testsuites name="pytest tests"><testsuite name="pytest" errors="0" failures="0" skipped="0" tests="9" time="1.803" timestamp="2026-09-25T02:08:19.065448+00:00" hostname="agent-env-8a71ad6f-7a9b-4c76-9800-9edf12ca80ed"><testcase classname="tests.backend_test" name="test_root_status_ok" time="0.297" /><testcase classname="tests.backend_test" name="test_guest_login_success" time="0.092" /><testcase classname="tests.backend_test" name="test_guest_login_empty_name_400" time="0.091" /><testcase classname="tests.backend_test" name="test_guest_login_missing_field_422" time="0.095" /><testcase classname="tests.backend_test" name="test_submit_score_returns_rank_and_pb" time="0.189" /><testcase classname="tests.backend_test" name="test_submit_higher_score_updates_pb" time="0.082" /><testcase classname="tests.backend_test" name="test_leaderboard_sorted_desc_and_limit" time="0.103" /><testcase classname="tests.backend_test" name="test_leaderboard_best_per_player" time="0.127" /><testcase classname="tests.backend_test" name="test_seeded_testhunter_present" time="0.144" /></testsuite></testsuites>